13:06:42.389882 [DEBUG] [Thu Mar 27 13:06:42 +0800 2014] main.go:27 - debug hahaha
13:06:42.389917 [INFO ] [Thu Mar 27 13:06:42 +0800 2014] main.go:28 - debug hahaha
13:06:42.389928 [WARN ] [Thu Mar 27 13:06:42 +0800 2014] main.go:29 - debug hahaha
13:06:42.389937 [ERROR] [Thu Mar 27 13:06:42 +0800 2014] main.go:30 - debug hahaha
13:07:03.752989 [DEBUG] [Thu Mar 27 13:07:03 +0800 2014] main.go:27 - debug hahaha
13:07:03.753005 [INFO ] [Thu Mar 27 13:07:03 +0800 2014] main.go:28 - debug hahaha
13:07:03.753011 [WARN ] [Thu Mar 27 13:07:03 +0800 2014] main.go:29 - debug hahaha
13:07:03.753016 [ERROR] [Thu Mar 27 13:07:03 +0800 2014] main.go:30 - debug hahaha
13:07:06.359221 [DEBUG] [Thu Mar 27 13:07:06 +0800 2014] main.go:27 - debug hahaha
13:07:06.359245 [INFO ] [Thu Mar 27 13:07:06 +0800 2014] main.go:28 - debug hahaha
13:07:06.359255 [WARN ] [Thu Mar 27 13:07:06 +0800 2014] main.go:29 - debug hahaha
13:07:06.359260 [ERROR] [Thu Mar 27 13:07:06 +0800 2014] main.go:30 - debug hahaha
13:07:23.630904 [DEBUG] [Thu Mar 27 13:07:23 +0800 2014] main.go:27 - debug hahaha
13:07:23.630924 [INFO ] [Thu Mar 27 13:07:23 +0800 2014] main.go:28 - debug hahaha
13:07:23.630933 [WARN ] [Thu Mar 27 13:07:23 +0800 2014] main.go:29 - debug hahaha
13:07:23.630939 [ERROR] [Thu Mar 27 13:07:23 +0800 2014] main.go:30 - debug hahaha
13:08:20.129672 [DEBUG] [Thu Mar 27 13:08:20 +0800 2014] main.go:27 - debug hahaha
13:08:20.129695 [INFO ] [Thu Mar 27 13:08:20 +0800 2014] main.go:28 - debug hahaha
13:08:20.129705 [WARN ] [Thu Mar 27 13:08:20 +0800 2014] main.go:29 - debug hahaha
13:08:20.129714 [ERROR] [Thu Mar 27 13:08:20 +0800 2014] main.go:30 - debug hahaha
13:08:44.859203 [DEBUG] [Thu Mar 27 13:08:44 +0800 2014] main.go:27 - debug hahaha
13:08:44.859226 [INFO ] [Thu Mar 27 13:08:44 +0800 2014] main.go:28 - debug hahaha
13:08:44.859235 [WARN ] [Thu Mar 27 13:08:44 +0800 2014] main.go:29 - debug hahaha
13:08:44.859243 [ERROR] [Thu Mar 27 13:08:44 +0800 2014] main.go:30 - debug hahaha
13:09:07.359123 [DEBUG] [Thu Mar 27 13:09:07 +0800 2014] main.go:27 - debug hahaha
13:09:07.359152 [INFO ] [Thu Mar 27 13:09:07 +0800 2014] main.go:28 - debug hahaha
13:09:07.359164 [WARN ] [Thu Mar 27 13:09:07 +0800 2014] main.go:29 - debug hahaha
13:09:07.359185 [ERROR] [Thu Mar 27 13:09:07 +0800 2014] main.go:30 - debug hahaha
13:09:14.357652 [DEBUG] [Thu Mar 27 13:09:14 +0800 2014] main.go:27 - debug hahaha
13:09:14.357668 [INFO ] [Thu Mar 27 13:09:14 +0800 2014] main.go:28 - debug hahaha
13:09:14.357675 [WARN ] [Thu Mar 27 13:09:14 +0800 2014] main.go:29 - debug hahaha
13:09:14.357680 [ERROR] [Thu Mar 27 13:09:14 +0800 2014] main.go:30 - debug hahaha
13:12:06.292247 [DEBUG] [Thu Mar 27 13:12:06 +0800 2014] main.go:27 - debug hahaha
13:12:06.292476 [INFO ] [Thu Mar 27 13:12:06 +0800 2014] main.go:28 - debug hahaha
13:12:06.292500 [WARN ] [Thu Mar 27 13:12:06 +0800 2014] main.go:29 - debug hahaha
13:12:06.292506 [ERROR] [Thu Mar 27 13:12:06 +0800 2014] main.go:30 - debug hahaha
13:12:27.465326 [DEBUG] [Thu Mar 27 13:12:27 +0800 2014] main.go:27 - debug hahaha
13:12:27.465637 [INFO ] [Thu Mar 27 13:12:27 +0800 2014] main.go:28 - debug hahaha
13:12:27.465649 [WARN ] [Thu Mar 27 13:12:27 +0800 2014] main.go:29 - debug hahaha
13:12:27.465655 [ERROR] [Thu Mar 27 13:12:27 +0800 2014] main.go:30 - debug hahaha
21:26:16.099329 [INFO ] [Thu Mar 27 21:26:16 +0800 2014] main.go:36 - start load Configure...
21:27:46.123613 [INFO ] [Thu Mar 27 21:27:46 +0800 2014] main.go:36 - start load Configure...
21:30:02.674124 [INFO ] [Thu Mar 27 21:30:02 +0800 2014] main.go:36 - start load Configure...
21:30:18.403627 [INFO ] [Thu Mar 27 21:30:18 +0800 2014] main.go:36 - start load Configure...
21:30:30.775030 [INFO ] [Thu Mar 27 21:30:30 +0800 2014] main.go:36 - start load Configure...
21:32:51.011791 [INFO ] [Thu Mar 27 21:32:51 +0800 2014] main.go:36 - start load Configure...
21:33:49.346246 [INFO ] [Thu Mar 27 21:33:49 +0800 2014] main.go:36 - start load Configure...
11:49:41.100732 [INFO ] [Fri Mar 28 11:49:41 +0800 2014] main.go:36 - start load Configure...
12:06:10.695339 [INFO ] [Fri Mar 28 12:06:10 +0800 2014] main.go:36 - start load Configure...
12:07:24.879304 [INFO ] [Fri Mar 28 12:07:24 +0800 2014] main.go:35 - start load Configure...
12:07:40.036107 [INFO ] [Fri Mar 28 12:07:40 +0800 2014] main.go:35 - start load Configure...
12:07:54.859692 [INFO ] [Fri Mar 28 12:07:54 +0800 2014] main.go:35 - start load Configure...
12:11:20.763532 [INFO ] [Fri Mar 28 12:11:20 +0800 2014] main.go:34 - start load Configure...
12:11:34.726401 [INFO ] [Fri Mar 28 12:11:34 +0800 2014] main.go:34 - start load Configure...
14:11:55.962791 [INFO ] [Fri Mar 28 14:11:55 +0800 2014] main.go:35 - start load Configure...
14:12:11.711579 [INFO ] [Fri Mar 28 14:12:11 +0800 2014] main.go:35 - start load Configure...
14:12:31.321367 [INFO ] [Fri Mar 28 14:12:31 +0800 2014] main.go:35 - start load Configure...
14:18:25.665656 [INFO ] [Fri Mar 28 14:18:25 +0800 2014] main.go:35 - start load Configure...
14:20:19.840297 [INFO ] [Fri Mar 28 14:20:19 +0800 2014] main.go:35 - start load Configure...
14:21:36.802446 [INFO ] [Fri Mar 28 14:21:36 +0800 2014] main.go:35 - start load Configure...
17:47:19.879950 [INFO ] [Fri Mar 28 17:47:19 +0800 2014] main.go:35 - start load Configure...
07:34:36.509339 [INFO ] [Sat Mar 29 07:34:36 +0800 2014] main.go:47 - start load Configure...
07:35:26.110638 [INFO ] [Sat Mar 29 07:35:26 +0800 2014] main.go:47 - start load Configure...
07:35:47.045624 [INFO ] [Sat Mar 29 07:35:47 +0800 2014] main.go:47 - start load Configure...
07:36:46.040785 [INFO ] [Sat Mar 29 07:36:46 +0800 2014] main.go:47 - start load Configure...
09:51:04.415662 [INFO ] [Sat Mar 29 09:51:04 +0800 2014] main.go:57 - start load Configure...
